d:\programs\visualstudio\progects\c++\наркевич\09 - лаб раб 12 совместный проект\general repo test\value_converter\value_converter\value_converter\x64\debug\vc143.pdb
d:\programs\visualstudio\progects\c++\наркевич\09 - лаб раб 12 совместный проект\general repo test\value_converter\value_converter\value_converter\x64\debug\vc143.idb
d:\programs\visualstudio\progects\c++\наркевич\09 - лаб раб 12 совместный проект\general repo test\value_converter\value_converter\value_converter\x64\debug\value_converter.obj
d:\programs\visualstudio\progects\c++\наркевич\09 - лаб раб 12 совместный проект\general repo test\value_converter\value_converter\value_converter\x64\debug\to_the_usd_like.obj
d:\programs\visualstudio\progects\c++\наркевич\09 - лаб раб 12 совместный проект\general repo test\value_converter\value_converter\value_converter\x64\debug\to_the_m_like.obj
d:\programs\visualstudio\progects\c++\наркевич\09 - лаб раб 12 совместный проект\general repo test\value_converter\value_converter\value_converter\x64\debug\source.obj
d:\programs\visualstudio\progects\c++\наркевич\09 - лаб раб 12 совместный проект\general repo test\value_converter\value_converter\value_converter\x64\debug\serch_non_zero_el.obj
d:\programs\visualstudio\progects\c++\наркевич\09 - лаб раб 12 совместный проект\general repo test\value_converter\value_converter\value_converter\x64\debug\nume_syst_todec.obj
d:\programs\visualstudio\progects\c++\наркевич\09 - лаб раб 12 совместный проект\general repo test\value_converter\value_converter\value_converter\x64\debug\numeral_system.obj
d:\programs\visualstudio\progects\c++\наркевич\09 - лаб раб 12 совместный проект\general repo test\value_converter\value_converter\value_converter\x64\debug\money_conv.obj
d:\programs\visualstudio\progects\c++\наркевич\09 - лаб раб 12 совместный проект\general repo test\value_converter\value_converter\value_converter\x64\debug\length_conv.obj
d:\programs\visualstudio\progects\c++\наркевич\09 - лаб раб 12 совместный проект\general repo test\value_converter\value_converter\value_converter\x64\debug\found_result_length.obj
d:\programs\visualstudio\progects\c++\наркевич\09 - лаб раб 12 совместный проект\general repo test\value_converter\value_converter\value_converter\x64\debug\found_result.obj
d:\programs\visualstudio\progects\c++\наркевич\09 - лаб раб 12 совместный проект\general repo test\value_converter\value_converter\value_converter\x64\debug\to_the_pa_like.obj
d:\programs\visualstudio\progects\c++\наркевич\09 - лаб раб 12 совместный проект\general repo test\value_converter\value_converter\value_converter\x64\debug\pressure_conv.obj
d:\programs\visualstudio\progects\c++\наркевич\09 - лаб раб 12 совместный проект\general repo test\value_converter\value_converter\value_converter\x64\debug\found_result_pressure.obj
d:\programs\visualstudio\progects\c++\наркевич\09 - лаб раб 12 совместный проект\general repo test\value_converter\value_converter\x64\debug\value_converter.exe
d:\programs\visualstudio\progects\c++\наркевич\09 - лаб раб 12 совместный проект\general repo test\value_converter\value_converter\x64\debug\value_converter.pdb
d:\programs\visualstudio\progects\c++\наркевич\09 - лаб раб 12 совместный проект\general repo test\value_converter\value_converter\value_converter\x64\debug\value_converter.ilk
d:\programs\visualstudio\progects\c++\наркевич\09 - лаб раб 12 совместный проект\general repo test\value_converter\value_converter\value_converter\x64\debug\value_converter.tlog\cl.command.1.tlog
d:\programs\visualstudio\progects\c++\наркевич\09 - лаб раб 12 совместный проект\general repo test\value_converter\value_converter\value_converter\x64\debug\value_converter.tlog\cl.items.tlog
d:\programs\visualstudio\progects\c++\наркевич\09 - лаб раб 12 совместный проект\general repo test\value_converter\value_converter\value_converter\x64\debug\value_converter.tlog\cl.read.1.tlog
d:\programs\visualstudio\progects\c++\наркевич\09 - лаб раб 12 совместный проект\general repo test\value_converter\value_converter\value_converter\x64\debug\value_converter.tlog\cl.write.1.tlog
d:\programs\visualstudio\progects\c++\наркевич\09 - лаб раб 12 совместный проект\general repo test\value_converter\value_converter\value_converter\x64\debug\value_converter.tlog\link.command.1.tlog
d:\programs\visualstudio\progects\c++\наркевич\09 - лаб раб 12 совместный проект\general repo test\value_converter\value_converter\value_converter\x64\debug\value_converter.tlog\link.read.1.tlog
d:\programs\visualstudio\progects\c++\наркевич\09 - лаб раб 12 совместный проект\general repo test\value_converter\value_converter\value_converter\x64\debug\value_converter.tlog\link.secondary.1.tlog
d:\programs\visualstudio\progects\c++\наркевич\09 - лаб раб 12 совместный проект\general repo test\value_converter\value_converter\value_converter\x64\debug\value_converter.tlog\link.write.1.tlog
